Release 14.3 Map P.40xd (nt)
Xilinx Mapping Report File for Design 'ys_sipm_daq_fpga'

Design Information
------------------
Command Line   : map -intstyle ise -p xc7k70t-fbg484-1 -w -logic_opt off -ol
high -t 1 -xt 0 -register_duplication off -r 4 -mt off -ir off -pr off -lc off
-power off -o ys_sipm_daq_fpga_map.ncd ys_sipm_daq_fpga.ngd ys_sipm_daq_fpga.pcf
 
Target Device  : xc7k70t
Target Package : fbg484
Target Speed   : -1
Mapper Version : kintex7 -- $Revision: 1.55 $
Mapped Date    : Wed Feb 16 16:50:44 2022

Design Summary
--------------
Number of errors:      0
Number of warnings:   86
Slice Logic Utilization:
  Number of Slice Registers:                 6,311 out of  82,000    7%
    Number used as Flip Flops:               6,311
    Number used as Latches:                      0
    Number used as Latch-thrus:                  0
    Number used as AND/OR logics:                0
  Number of Slice LUTs:                      3,161 out of  41,000    7%
    Number used as logic:                    2,737 out of  41,000    6%
      Number using O6 output only:           1,186
      Number using O5 output only:             484
      Number using O5 and O6:                1,067
      Number used as ROM:                        0
    Number used as Memory:                      84 out of  13,400    1%
      Number used as Dual Port RAM:              0
      Number used as Single Port RAM:            0
      Number used as Shift Register:            84
        Number using O6 output only:            80
        Number using O5 output only:             0
        Number using O5 and O6:                  4
    Number used exclusively as route-thrus:    340
      Number with same-slice register load:    308
      Number with same-slice carry load:        32
      Number with other load:                    0

Slice Logic Distribution:
  Number of occupied Slices:                 1,759 out of  10,250   17%
  Number of LUT Flip Flop pairs used:        5,491
    Number with an unused Flip Flop:           457 out of   5,491    8%
    Number with an unused LUT:               2,330 out of   5,491   42%
    Number of fully used LUT-FF pairs:       2,704 out of   5,491   49%
    Number of unique control sets:             197
    Number of slice register sites lost
      to control set restrictions:             681 out of  82,000    1%

  A LUT Flip Flop pair for this architecture represents one LUT paired with
  one Flip Flop within a slice.  A control set is a unique combination of
  clock, reset, set, and enable signals for a registered element.
  The Slice Logic Distribution report is not meaningful if the design is
  over-mapped for a non-slice resource or if Placement fails.
  OVERMAPPING of BRAM resources should be ignored if the design is
  over-mapped for a non-BRAM resource or if placement fails.

IO Utilization:
  Number of bonded IOBs:                       265 out of     285   92%
    Number of LOCed IOBs:                      265 out of     265  100%
    IOB Flip Flops:                            216
    IOB Master Pads:                            12
    IOB Slave Pads:                             12
    Number of bonded IPADs:                      2
      Number of LOCed IPADs:                     2 out of       2  100%

Specific Feature Utilization:
  Number of RAMB36E1/FIFO36E1s:                 60 out of     135   44%
    Number using RAMB36E1 only:                 60
    Number using FIFO36E1 only:                  0
  Number of RAMB18E1/FIFO18E1s:                  3 out of     270    1%
    Number using RAMB18E1 only:                  3
    Number using FIFO18E1 only:                  0
  Number of BUFG/BUFGCTRLs:                      8 out of      32   25%
    Number used as BUFGs:                        8
    Number used as BUFGCTRLs:                    0
  Number of IDELAYE2/IDELAYE2_FINEDELAYs:       16 out of     300    5%
    Number used as IDELAYE2s:                   16
    Number used as IDELAYE2_FINEDELAYs:          0
  Number of ILOGICE2/ILOGICE3/ISERDESE2s:      110 out of     300   36%
    Number used as ILOGICE2s:                   94
  Number used as  ILOGICE3s:                     0
    Number used as ISERDESE2s:                  16
  Number of ODELAYE2/ODELAYE2_FINEDELAYs:        0 out of     100    0%
  Number of OLOGICE2/OLOGICE3/OSERDESE2s:      127 out of     300   42%
    Number used as OLOGICE2s:                   86
    Number used as OLOGICE3s:                    0
    Number used as OSERDESE2s:                  41
  Number of PHASER_IN/PHASER_IN_PHYs:            0 out of      24    0%
  Number of PHASER_OUT/PHASER_OUT_PHYs:          0 out of      24    0%
  Number of BSCANs:                              0 out of       4    0%
  Number of BUFHCEs:                             0 out of      96    0%
  Number of BUFRs:                               0 out of      24    0%
  Number of CAPTUREs:                            0 out of       1    0%
  Number of DNA_PORTs:                           0 out of       1    0%
  Number of DSP48E1s:                            0 out of     240    0%
  Number of EFUSE_USRs:                          0 out of       1    0%
  Number of FRAME_ECCs:                          0 out of       1    0%
  Number of GTXE2_CHANNELs:                      0 out of       8    0%
  Number of GTXE2_COMMONs:                       0 out of       2    0%
  Number of IBUFDS_GTE2s:                        1 out of       4   25%
  Number of ICAPs:                               0 out of       2    0%
  Number of IDELAYCTRLs:                         1 out of       6   16%
  Number of IN_FIFOs:                            0 out of      24    0%
  Number of MMCME2_ADVs:                         2 out of       6   33%
  Number of OUT_FIFOs:                           0 out of      24    0%
  Number of PCIE_2_1s:                           0 out of       1    0%
  Number of PHASER_REFs:                         0 out of       6    0%
  Number of PHY_CONTROLs:                        0 out of       6    0%
  Number of PLLE2_ADVs:                          0 out of       6    0%
  Number of STARTUPs:                            0 out of       1    0%
  Number of XADCs:                               0 out of       1    0%

Average Fanout of Non-Clock Nets:                2.48

Peak Memory Usage:  626 MB
Total REAL time to MAP completion:  2 mins 3 secs 
Total CPU time to MAP completion:   2 mins 2 secs 

Table of Contents
-----------------
Section 1 - Errors
Section 2 - Warnings
Section 3 - Informational
Section 4 - Removed Logic Summary
Section 5 - Removed Logic
Section 6 - IOB Properties
Section 7 - RPMs
Section 8 - Guide Report
Section 9 - Area Group and Partition Summary
Section 10 - Timing Report
Section 11 - Configuration String Information
Section 12 - Control Set Information
Section 13 - Utilization by Hierarchy

Section 1 - Errors
------------------

Section 2 - Warnings
--------------------
WARNING:Security:42 - Your software subscription period has lapsed. Your current
version of Xilinx tools will continue to function, but you no longer qualify for
Xilinx software updates or new releases.
WARNING:LIT:701 - PAD symbol "p_tcb_clkp" has an undefined IOSTANDARD.
WARNING:Pack:2780 - The register "u7/myloop1[3].u2/xd" has the property
   IOB=TRUE, but it did not join an IO component because it is not connected to
   any IO element.
WARNING:Pack:2780 - The register "u7/myloop1[8].u2/xd" has the property
   IOB=TRUE, but it did not join an IO component because it is not connected to
   any IO element.
WARNING:Pack:2780 - The register "u7/myloop1[9].u2/xd" has the property
   IOB=TRUE, but it did not join an IO component because it is not connected to
   any IO element.
WARNING:Pack:2780 - The register "u7/myloop1[0].u2/xd" has the property
   IOB=TRUE, but it did not join an IO component because it is not connected to
   any IO element.
WARNING:Pack:2780 - The register "u7/myloop1[2].u2/xd" has the property
   IOB=TRUE, but it did not join an IO component because it is not connected to
   any IO element.
WARNING:Pack:2780 - The register "u7/myloop1[10].u2/xd" has the property
   IOB=TRUE, but it did not join an IO component because it is not connected to
   any IO element.
WARNING:Pack:2780 - The register "u7/myloop1[11].u2/xd" has the property
   IOB=TRUE, but it did not join an IO component because it is not connected to
   any IO element.
WARNING:Pack:2780 - The register "u7/myloop1[12].u2/xd" has the property
   IOB=TRUE, but it did not join an IO component because it is not connected to
   any IO element.
WARNING:Pack:2780 - The register "u7/myloop1[21].u2/xd" has the property
   IOB=TRUE, but it did not join an IO component because it is not connected to
   any IO element.
WARNING:Pack:2780 - The register "u7/myloop1[22].u2/xd" has the property
   IOB=TRUE, but it did not join an IO component because it is not connected to
   any IO element.
WARNING:Pack:2780 - The register "u7/myloop1[23].u2/xd" has the property
   IOB=TRUE, but it did not join an IO component because it is not connected to
   any IO element.
WARNING:Pack:2780 - The register "u7/myloop1[24].u2/xd" has the property
   IOB=TRUE, but it did not join an IO component because it is not connected to
   any IO element.
WARNING:Pack:2780 - The register "u7/myloop1[25].u2/xd" has the property
   IOB=TRUE, but it did not join an IO component because it is not connected to
   any IO element.
WARNING:Pack:2780 - The register "u7/myloop1[26].u2/xd" has the property
   IOB=TRUE, but it did not join an IO component because it is not connected to
   any IO element.
WARNING:Pack:2780 - The register "u7/myloop1[27].u2/xd" has the property
   IOB=TRUE, but it did not join an IO component because it is not connected to
   any IO element.
WARNING:Pack:2780 - The register "u7/myloop1[28].u2/xd" has the property
   IOB=TRUE, but it did not join an IO component because it is not connected to
   any IO element.
WARNING:Pack:2780 - The register "u7/myloop1[29].u2/xd" has the property
   IOB=TRUE, but it did not join an IO component because it is not connected to
   any IO element.
WARNING:Pack:2949 - The I/O component p_adc_dn<30> uses an DQS_BIAS attribute
   with I/O standard LVDS_25. The DQS_BIAS attribute will be ignored since the
   selected I/O standard does not support DQS_BIAS usage.
WARNING:Pack:2949 - The I/O component p_adc_dn<31> uses an DQS_BIAS attribute
   with I/O standard LVDS_25. The DQS_BIAS attribute will be ignored since the
   selected I/O standard does not support DQS_BIAS usage.
WARNING:Pack:2949 - The I/O component p_adc_dn<16> uses an DQS_BIAS attribute
   with I/O standard LVDS_25. The DQS_BIAS attribute will be ignored since the
   selected I/O standard does not support DQS_BIAS usage.
WARNING:Pack:2949 - The I/O component p_adc_dn<15> uses an DQS_BIAS attribute
   with I/O standard LVDS_25. The DQS_BIAS attribute will be ignored since the
   selected I/O standard does not support DQS_BIAS usage.
WARNING:Pack:2949 - The I/O component p_adc_dn<18> uses an DQS_BIAS attribute
   with I/O standard LVDS_25. The DQS_BIAS attribute will be ignored since the
   selected I/O standard does not support DQS_BIAS usage.
WARNING:Pack:2949 - The I/O component p_adc_dn<17> uses an DQS_BIAS attribute
   with I/O standard LVDS_25. The DQS_BIAS attribute will be ignored since the
   selected I/O standard does not support DQS_BIAS usage.
WARNING:Pack:2949 - The I/O component p_adc_dn<19> uses an DQS_BIAS attribute
   with I/O standard LVDS_25. The DQS_BIAS attribute will be ignored since the
   selected I/O standard does not support DQS_BIAS usage.
WARNING:Pack:2949 - The I/O component p_adc_dn<10> uses an DQS_BIAS attribute
   with I/O standard LVDS_25. The DQS_BIAS attribute will be ignored since the
   selected I/O standard does not support DQS_BIAS usage.
WARNING:Pack:2949 - The I/O component p_adc_dn<12> uses an DQS_BIAS attribute
   with I/O standard LVDS_25. The DQS_BIAS attribute will be ignored since the
   selected I/O standard does not support DQS_BIAS usage.
WARNING:Pack:2949 - The I/O component p_adc_dn<11> uses an DQS_BIAS attribute
   with I/O standard LVDS_25. The DQS_BIAS attribute will be ignored since the
   selected I/O standard does not support DQS_BIAS usage.
WARNING:Pack:2949 - The I/O component p_adc_dn<14> uses an DQS_BIAS attribute
   with I/O standard LVDS_25. The DQS_BIAS attribute will be ignored since the
   selected I/O standard does not support DQS_BIAS usage.
WARNING:Pack:2949 - The I/O component p_adc_dn<13> uses an DQS_BIAS attribute
   with I/O standard LVDS_25. The DQS_BIAS attribute will be ignored since the
   selected I/O standard does not support DQS_BIAS usage.
WARNING:Pack:2949 - The I/O component p_adc_dn<26> uses an DQS_BIAS attribute
   with I/O standard LVDS_25. The DQS_BIAS attribute will be ignored since the
   selected I/O standard does not support DQS_BIAS usage.
WARNING:Pack:2949 - The I/O component p_adc_dn<25> uses an DQS_BIAS attribute
   with I/O standard LVDS_25. The DQS_BIAS attribute will be ignored since the
   selected I/O standard does not support DQS_BIAS usage.
WARNING:Pack:2949 - The I/O component p_adc_dn<28> uses an DQS_BIAS attribute
   with I/O standard LVDS_25. The DQS_BIAS attribute will be ignored since the
   selected I/O standard does not support DQS_BIAS usage.
WARNING:Pack:2949 - The I/O component p_adc_dn<27> uses an DQS_BIAS attribute
   with I/O standard LVDS_25. The DQS_BIAS attribute will be ignored since the
   selected I/O standard does not support DQS_BIAS usage.
WARNING:Pack:2949 - The I/O component p_adc_dn<29> uses an DQS_BIAS attribute
   with I/O standard LVDS_25. The DQS_BIAS attribute will be ignored since the
   selected I/O standard does not support DQS_BIAS usage.
WARNING:Pack:2949 - The I/O component p_adc_dn<20> uses an DQS_BIAS attribute
   with I/O standard LVDS_25. The DQS_BIAS attribute will be ignored since the
   selected I/O standard does not support DQS_BIAS usage.
WARNING:Pack:2949 - The I/O component p_adc_dn<22> uses an DQS_BIAS attribute
   with I/O standard LVDS_25. The DQS_BIAS attribute will be ignored since the
   selected I/O standard does not support DQS_BIAS usage.
WARNING:Pack:2949 - The I/O component p_adc_dn<21> uses an DQS_BIAS attribute
   with I/O standard LVDS_25. The DQS_BIAS attribute will be ignored since the
   selected I/O standard does not support DQS_BIAS usage.
WARNING:Pack:2949 - The I/O component p_adc_dn<24> uses an DQS_BIAS attribute
   with I/O standard LVDS_25. The DQS_BIAS attribute will be ignored since the
   selected I/O standard does not support DQS_BIAS usage.
WARNING:Pack:2949 - The I/O component p_adc_dn<23> uses an DQS_BIAS attribute
   with I/O standard LVDS_25. The DQS_BIAS attribute will be ignored since the
   selected I/O standard does not support DQS_BIAS usage.
WARNING:Pack:2949 - The I/O component p_tcb_trign uses an DQS_BIAS attribute
   with I/O standard LVDS_25. The DQS_BIAS attribute will be ignored since the
   selected I/O standard does not support DQS_BIAS usage.
WARNING:Pack:2949 - The I/O component p_tcb_trigp uses an DQS_BIAS attribute
   with I/O standard LVDS_25. The DQS_BIAS attribute will be ignored since the
   selected I/O standard does not support DQS_BIAS usage.
WARNING:Pack:2949 - The I/O component p_adc_dp<30> uses an DQS_BIAS attribute
   with I/O standard LVDS_25. The DQS_BIAS attribute will be ignored since the
   selected I/O standard does not support DQS_BIAS usage.
WARNING:Pack:2949 - The I/O component p_adc_dp<31> uses an DQS_BIAS attribute
   with I/O standard LVDS_25. The DQS_BIAS attribute will be ignored since the
   selected I/O standard does not support DQS_BIAS usage.
WARNING:Pack:2949 - The I/O component p_adc_dp<16> uses an DQS_BIAS attribute
   with I/O standard LVDS_25. The DQS_BIAS attribute will be ignored since the
   selected I/O standard does not support DQS_BIAS usage.
WARNING:Pack:2949 - The I/O component p_adc_dp<15> uses an DQS_BIAS attribute
   with I/O standard LVDS_25. The DQS_BIAS attribute will be ignored since the
   selected I/O standard does not support DQS_BIAS usage.
WARNING:Pack:2949 - The I/O component p_adc_dp<18> uses an DQS_BIAS attribute
   with I/O standard LVDS_25. The DQS_BIAS attribute will be ignored since the
   selected I/O standard does not support DQS_BIAS usage.
WARNING:Pack:2949 - The I/O component p_adc_dp<17> uses an DQS_BIAS attribute
   with I/O standard LVDS_25. The DQS_BIAS attribute will be ignored since the
   selected I/O standard does not support DQS_BIAS usage.
WARNING:Pack:2949 - The I/O component p_adc_dp<19> uses an DQS_BIAS attribute
   with I/O standard LVDS_25. The DQS_BIAS attribute will be ignored since the
   selected I/O standard does not support DQS_BIAS usage.
WARNING:Pack:2949 - The I/O component p_adc_dp<10> uses an DQS_BIAS attribute
   with I/O standard LVDS_25. The DQS_BIAS attribute will be ignored since the
   selected I/O standard does not support DQS_BIAS usage.
WARNING:Pack:2949 - The I/O component p_adc_dp<12> uses an DQS_BIAS attribute
   with I/O standard LVDS_25. The DQS_BIAS attribute will be ignored since the
   selected I/O standard does not support DQS_BIAS usage.
WARNING:Pack:2949 - The I/O component p_adc_dp<11> uses an DQS_BIAS attribute
   with I/O standard LVDS_25. The DQS_BIAS attribute will be ignored since the
   selected I/O standard does not support DQS_BIAS usage.
WARNING:Pack:2949 - The I/O component p_adc_dp<14> uses an DQS_BIAS attribute
   with I/O standard LVDS_25. The DQS_BIAS attribute will be ignored since the
   selected I/O standard does not support DQS_BIAS usage.
WARNING:Pack:2949 - The I/O component p_adc_dp<13> uses an DQS_BIAS attribute
   with I/O standard LVDS_25. The DQS_BIAS attribute will be ignored since the
   selected I/O standard does not support DQS_BIAS usage.
WARNING:Pack:2949 - The I/O component p_adc_dp<26> uses an DQS_BIAS attribute
   with I/O standard LVDS_25. The DQS_BIAS attribute will be ignored since the
   selected I/O standard does not support DQS_BIAS usage.
WARNING:Pack:2949 - The I/O component p_adc_dp<25> uses an DQS_BIAS attribute
   with I/O standard LVDS_25. The DQS_BIAS attribute will be ignored since the
   selected I/O standard does not support DQS_BIAS usage.
WARNING:Pack:2949 - The I/O component p_adc_dp<28> uses an DQS_BIAS attribute
   with I/O standard LVDS_25. The DQS_BIAS attribute will be ignored since the
   selected I/O standard does not support DQS_BIAS usage.
WARNING:Pack:2949 - The I/O component p_adc_dp<27> uses an DQS_BIAS attribute
   with I/O standard LVDS_25. The DQS_BIAS attribute will be ignored since the
   selected I/O standard does not support DQS_BIAS usage.
WARNING:Pack:2949 - The I/O component p_adc_dp<29> uses an DQS_BIAS attribute
   with I/O standard LVDS_25. The DQS_BIAS attribute will be ignored since the
   selected I/O standard does not support DQS_BIAS usage.
WARNING:Pack:2949 - The I/O component p_adc_dp<20> uses an DQS_BIAS attribute
   with I/O standard LVDS_25. The DQS_BIAS attribute will be ignored since the
   selected I/O standard does not support DQS_BIAS usage.
WARNING:Pack:2949 - The I/O component p_tcb_timern uses an DQS_BIAS attribute
   with I/O standard LVDS_25. The DQS_BIAS attribute will be ignored since the
   selected I/O standard does not support DQS_BIAS usage.
WARNING:Pack:2949 - The I/O component p_tcb_timerp uses an DQS_BIAS attribute
   with I/O standard LVDS_25. The DQS_BIAS attribute will be ignored since the
   selected I/O standard does not support DQS_BIAS usage.
WARNING:Pack:2949 - The I/O component p_adc_dp<22> uses an DQS_BIAS attribute
   with I/O standard LVDS_25. The DQS_BIAS attribute will be ignored since the
   selected I/O standard does not support DQS_BIAS usage.
WARNING:Pack:2949 - The I/O component p_adc_dp<21> uses an DQS_BIAS attribute
   with I/O standard LVDS_25. The DQS_BIAS attribute will be ignored since the
   selected I/O standard does not support DQS_BIAS usage.
WARNING:Pack:2949 - The I/O component p_adc_dp<24> uses an DQS_BIAS attribute
   with I/O standard LVDS_25. The DQS_BIAS attribute will be ignored since the
   selected I/O standard does not support DQS_BIAS usage.
WARNING:Pack:2949 - The I/O component p_adc_dp<23> uses an DQS_BIAS attribute
   with I/O standard LVDS_25. The DQS_BIAS attribute will be ignored since the
   selected I/O standard does not support DQS_BIAS usage.
WARNING:Pack:2949 - The I/O component p_adc_dp<7> uses an DQS_BIAS attribute
   with I/O standard LVDS_25. The DQS_BIAS attribute will be ignored since the
   selected I/O standard does not support DQS_BIAS usage.
WARNING:Pack:2949 - The I/O component p_adc_dp<8> uses an DQS_BIAS attribute
   with I/O standard LVDS_25. The DQS_BIAS attribute will be ignored since the
   selected I/O standard does not support DQS_BIAS usage.
WARNING:Pack:2949 - The I/O component p_adc_dp<5> uses an DQS_BIAS attribute
   with I/O standard LVDS_25. The DQS_BIAS attribute will be ignored since the
   selected I/O standard does not support DQS_BIAS usage.
WARNING:Pack:2949 - The I/O component p_adc_dp<6> uses an DQS_BIAS attribute
   with I/O standard LVDS_25. The DQS_BIAS attribute will be ignored since the
   selected I/O standard does not support DQS_BIAS usage.
WARNING:Pack:2949 - The I/O component p_adc_dp<9> uses an DQS_BIAS attribute
   with I/O standard LVDS_25. The DQS_BIAS attribute will be ignored since the
   selected I/O standard does not support DQS_BIAS usage.
WARNING:Pack:2949 - The I/O component p_adc_dp<0> uses an DQS_BIAS attribute
   with I/O standard LVDS_25. The DQS_BIAS attribute will be ignored since the
   selected I/O standard does not support DQS_BIAS usage.
WARNING:Pack:2949 - The I/O component p_adc_dp<3> uses an DQS_BIAS attribute
   with I/O standard LVDS_25. The DQS_BIAS attribute will be ignored since the
   selected I/O standard does not support DQS_BIAS usage.
WARNING:Pack:2949 - The I/O component p_adc_dp<4> uses an DQS_BIAS attribute
   with I/O standard LVDS_25. The DQS_BIAS attribute will be ignored since the
   selected I/O standard does not support DQS_BIAS usage.
WARNING:Pack:2949 - The I/O component p_adc_dp<1> uses an DQS_BIAS attribute
   with I/O standard LVDS_25. The DQS_BIAS attribute will be ignored since the
   selected I/O standard does not support DQS_BIAS usage.
WARNING:Pack:2949 - The I/O component p_adc_dp<2> uses an DQS_BIAS attribute
   with I/O standard LVDS_25. The DQS_BIAS attribute will be ignored since the
   selected I/O standard does not support DQS_BIAS usage.
WARNING:Pack:2949 - The I/O component p_adc_dn<7> uses an DQS_BIAS attribute
   with I/O standard LVDS_25. The DQS_BIAS attribute will be ignored since the
   selected I/O standard does not support DQS_BIAS usage.
WARNING:Pack:2949 - The I/O component p_adc_dn<8> uses an DQS_BIAS attribute
   with I/O standard LVDS_25. The DQS_BIAS attribute will be ignored since the
   selected I/O standard does not support DQS_BIAS usage.
WARNING:Pack:2949 - The I/O component p_adc_dn<5> uses an DQS_BIAS attribute
   with I/O standard LVDS_25. The DQS_BIAS attribute will be ignored since the
   selected I/O standard does not support DQS_BIAS usage.
WARNING:Pack:2949 - The I/O component p_adc_dn<6> uses an DQS_BIAS attribute
   with I/O standard LVDS_25. The DQS_BIAS attribute will be ignored since the
   selected I/O standard does not support DQS_BIAS usage.
WARNING:Pack:2949 - The I/O component p_adc_dn<9> uses an DQS_BIAS attribute
   with I/O standard LVDS_25. The DQS_BIAS attribute will be ignored since the
   selected I/O standard does not support DQS_BIAS usage.
WARNING:Pack:2949 - The I/O component p_adc_dn<0> uses an DQS_BIAS attribute
   with I/O standard LVDS_25. The DQS_BIAS attribute will be ignored since the
   selected I/O standard does not support DQS_BIAS usage.
WARNING:Pack:2949 - The I/O component p_adc_dn<3> uses an DQS_BIAS attribute
   with I/O standard LVDS_25. The DQS_BIAS attribute will be ignored since the
   selected I/O standard does not support DQS_BIAS usage.
WARNING:Pack:2949 - The I/O component p_adc_dn<4> uses an DQS_BIAS attribute
   with I/O standard LVDS_25. The DQS_BIAS attribute will be ignored since the
   selected I/O standard does not support DQS_BIAS usage.
WARNING:Pack:2949 - The I/O component p_adc_dn<1> uses an DQS_BIAS attribute
   with I/O standard LVDS_25. The DQS_BIAS attribute will be ignored since the
   selected I/O standard does not support DQS_BIAS usage.
WARNING:Pack:2949 - The I/O component p_adc_dn<2> uses an DQS_BIAS attribute
   with I/O standard LVDS_25. The DQS_BIAS attribute will be ignored since the
   selected I/O standard does not support DQS_BIAS usage.

Section 3 - Informational
-------------------------
INFO:Security:54 - 'xc7k70t' is a WebPack part.
INFO:MapLib:1078 - IDELAYCTRL symbol "u1/idelayctrl_1" (output signal=<none>)
   does not have assigned IODELAY_GROUP. A default GROUP
   "MapGeneratedIodelayGroup" will be assigned.
   The following IODELAY Components are assigned to the same GROUP:
   IDELAYE2 symbol "u14/u7/myloop1[15].idelaye2_md" (output
   signal=u14/u7/dsin<15>)
   IDELAYE2 symbol "u14/u7/myloop1[14].idelaye2_md" (output
   signal=u14/u7/dsin<14>)
   IDELAYE2 symbol "u14/u7/myloop1[13].idelaye2_md" (output
   signal=u14/u7/dsin<13>)
   IDELAYE2 symbol "u14/u7/myloop1[12].idelaye2_md" (output
   signal=u14/u7/dsin<12>)
   IDELAYE2 symbol "u14/u7/myloop1[11].idelaye2_md" (output
   signal=u14/u7/dsin<11>)
   IDELAYE2 symbol "u14/u7/myloop1[10].idelaye2_md" (output
   signal=u14/u7/dsin<10>)
   IDELAYE2 symbol "u14/u7/myloop1[9].idelaye2_md" (output
   signal=u14/u7/dsin<9>)
   IDELAYE2 symbol "u14/u7/myloop1[8].idelaye2_md" (output
   signal=u14/u7/dsin<8>)
   IDELAYE2 symbol "u14/u7/myloop1[7].idelaye2_md" (output
   signal=u14/u7/dsin<7>)
   IDELAYE2 symbol "u14/u7/myloop1[6].idelaye2_md" (output
   signal=u14/u7/dsin<6>)
   IDELAYE2 symbol "u14/u7/myloop1[5].idelaye2_md" (output
   signal=u14/u7/dsin<5>)
   IDELAYE2 symbol "u14/u7/myloop1[4].idelaye2_md" (output
   signal=u14/u7/dsin<4>)
   IDELAYE2 symbol "u14/u7/myloop1[3].idelaye2_md" (output
   signal=u14/u7/dsin<3>)
   IDELAYE2 symbol "u14/u7/myloop1[2].idelaye2_md" (output
   signal=u14/u7/dsin<2>)
   IDELAYE2 symbol "u14/u7/myloop1[1].idelaye2_md" (output
   signal=u14/u7/dsin<1>)
   IDELAYE2 symbol "u14/u7/myloop1[0].idelaye2_md" (output
   signal=u14/u7/dsin<0>)

INFO:Pack:1716 - Initializing temperature to 85.000 Celsius. (default - Range:
   0.000 to 85.000 Celsius)
INFO:Pack:1720 - Initializing voltage to 0.970 Volts. (default - Range: 0.970 to
   1.030 Volts)
INFO:Timing:3386 - Intersecting Constraints found and resolved.  For more information, see the TSI report.  Please consult the Xilinx
   Command Line Tools User Guide for information on generating a TSI report.
INFO:Map:215 - The Interim Design Summary has been generated in the MAP Report
   (.mrp).
INFO:Pack:1650 - Map created a placed design.

Section 4 - Removed Logic Summary
---------------------------------
   2 block(s) optimized away

Section 5 - Removed Logic
-------------------------

Optimized Block(s):
TYPE 		BLOCK
GND 		XST_GND
VCC 		XST_VCC

To enable printing of redundant blocks removed and signals merged, set the
detailed map report option and rerun map.

Section 6 - IOB Properties
--------------------------

+---------------------------------------------------------------------------------------------------------------------------------------------------------+
| IOB Name                           | Type             | Direction | IO Standard          | Diff  | Drive    | Slew | Reg (s)      | Resistor | IOB      |
|                                    |                  |           |                      | Term  | Strength | Rate |              |          | Delay    |
+---------------------------------------------------------------------------------------------------------------------------------------------------------+
| p_adc_clkn<0>                      | IOB33S           | OUTPUT    | LVDS_25              |       |          |      |              |          |          |
| p_adc_clkn<1>                      | IOB33S           | OUTPUT    | LVDS_25              |       |          |      |              |          |          |
| p_adc_clkn<2>                      | IOB33M           | OUTPUT    | LVDS_25              |       |          |      |              |          |          |
| p_adc_clkn<3>                      | IOB33M           | OUTPUT    | LVDS_25              |       |          |      |              |          |          |
| p_adc_clkp<0>                      | IOB33M           | OUTPUT    | LVDS_25              |       |          |      |              |          |          |
| p_adc_clkp<1>                      | IOB33M           | OUTPUT    | LVDS_25              |       |          |      |              |          |          |
| p_adc_clkp<2>                      | IOB33S           | OUTPUT    | LVDS_25              |       |          |      |              |          |          |
| p_adc_clkp<3>                      | IOB33S           | OUTPUT    | LVDS_25              |       |          |      |              |          |          |
| p_adc_cs<0>                        | IOB33            | OUTPUT    | LVCMOS25             |       | 12       | SLOW | OFF          |          |          |
| p_adc_cs<1>                        | IOB33            | OUTPUT    | LVCMOS25             |       | 12       | SLOW | OFF          |          |          |
| p_adc_cs<2>                        | IOB33            | OUTPUT    | LVCMOS25             |       | 12       | SLOW | OFF          |          |          |
| p_adc_cs<3>                        | IOB33            | OUTPUT    | LVCMOS25             |       | 12       | SLOW | OFF          |          |          |
| p_adc_dn<0>                        | IOB33            | INPUT     | LVDS_25              | TRUE  |          |      |              |          |          |
| p_adc_dn<1>                        | IOB33            | INPUT     | LVDS_25              | TRUE  |          |      | IFF          |          |          |
| p_adc_dn<2>                        | IOB33            | INPUT     | LVDS_25              | TRUE  |          |      |              |          |          |
| p_adc_dn<3>                        | IOB33            | INPUT     | LVDS_25              | TRUE  |          |      |              |          |          |
| p_adc_dn<4>                        | IOB33            | INPUT     | LVDS_25              | TRUE  |          |      | IFF          |          |          |
| p_adc_dn<5>                        | IOB33            | INPUT     | LVDS_25              | TRUE  |          |      | IFF          |          |          |
| p_adc_dn<6>                        | IOB33            | INPUT     | LVDS_25              | TRUE  |          |      | IFF          |          |          |
| p_adc_dn<7>                        | IOB33            | INPUT     | LVDS_25              | TRUE  |          |      | IFF          |          |          |
| p_adc_dn<8>                        | IOB33            | INPUT     | LVDS_25              | TRUE  |          |      |              |          |          |
| p_adc_dn<9>                        | IOB33            | INPUT     | LVDS_25              | TRUE  |          |      |              |          |          |
| p_adc_dn<10>                       | IOB33            | INPUT     | LVDS_25              | TRUE  |          |      |              |          |          |
| p_adc_dn<11>                       | IOB33            | INPUT     | LVDS_25              | TRUE  |          |      |              |          |          |
| p_adc_dn<12>                       | IOB33            | INPUT     | LVDS_25              | TRUE  |          |      |              |          |          |
| p_adc_dn<13>                       | IOB33            | INPUT     | LVDS_25              | TRUE  |          |      | IFF          |          |          |
| p_adc_dn<14>                       | IOB33            | INPUT     | LVDS_25              | TRUE  |          |      | IFF          |          |          |
| p_adc_dn<15>                       | IOB33            | INPUT     | LVDS_25              | TRUE  |          |      | IFF          |          |          |
| p_adc_dn<16>                       | IOB33            | INPUT     | LVDS_25              | TRUE  |          |      | IFF          |          |          |
| p_adc_dn<17>                       | IOB33            | INPUT     | LVDS_25              | TRUE  |          |      | IFF          |          |          |
| p_adc_dn<18>                       | IOB33            | INPUT     | LVDS_25              | TRUE  |          |      | IFF          |          |          |
| p_adc_dn<19>                       | IOB33            | INPUT     | LVDS_25              | TRUE  |          |      | IFF          |          |          |
| p_adc_dn<20>                       | IOB33            | INPUT     | LVDS_25              | TRUE  |          |      | IFF          |          |          |
| p_adc_dn<21>                       | IOB33            | INPUT     | LVDS_25              | TRUE  |          |      |              |          |          |
| p_adc_dn<22>                       | IOB33            | INPUT     | LVDS_25              | TRUE  |          |      |              |          |          |
| p_adc_dn<23>                       | IOB33            | INPUT     | LVDS_25              | TRUE  |          |      |              |          |          |
| p_adc_dn<24>                       | IOB33            | INPUT     | LVDS_25              | TRUE  |          |      |              |          |          |
| p_adc_dn<25>                       | IOB33            | INPUT     | LVDS_25              | TRUE  |          |      |              |          |          |
| p_adc_dn<26>                       | IOB33            | INPUT     | LVDS_25              | TRUE  |          |      |              |          |          |
| p_adc_dn<27>                       | IOB33            | INPUT     | LVDS_25              | TRUE  |          |      |              |          |          |
| p_adc_dn<28>                       | IOB33            | INPUT     | LVDS_25              | TRUE  |          |      |              |          |          |
| p_adc_dn<29>                       | IOB33            | INPUT     | LVDS_25              | TRUE  |          |      |              |          |          |
| p_adc_dn<30>                       | IOB33            | INPUT     | LVDS_25              | TRUE  |          |      | IFF          |          |          |
| p_adc_dn<31>                       | IOB33            | INPUT     | LVDS_25              | TRUE  |          |      | IFF          |          |          |
| p_adc_dp<0>                        | IOB33            | INPUT     | LVDS_25              | TRUE  |          |      |              |          |          |
| p_adc_dp<1>                        | IOB33            | INPUT     | LVDS_25              | TRUE  |          |      |              |          |          |
| p_adc_dp<2>                        | IOB33            | INPUT     | LVDS_25              | TRUE  |          |      |              |          |          |
| p_adc_dp<3>                        | IOB33            | INPUT     | LVDS_25              | TRUE  |          |      |              |          |          |
| p_adc_dp<4>                        | IOB33            | INPUT     | LVDS_25              | TRUE  |          |      |              |          |          |
| p_adc_dp<5>                        | IOB33            | INPUT     | LVDS_25              | TRUE  |          |      |              |          |          |
| p_adc_dp<6>                        | IOB33            | INPUT     | LVDS_25              | TRUE  |          |      |              |          |          |
| p_adc_dp<7>                        | IOB33            | INPUT     | LVDS_25              | TRUE  |          |      |              |          |          |
| p_adc_dp<8>                        | IOB33            | INPUT     | LVDS_25              | TRUE  |          |      |              |          |          |
| p_adc_dp<9>                        | IOB33            | INPUT     | LVDS_25              | TRUE  |          |      |              |          |          |
| p_adc_dp<10>                       | IOB33            | INPUT     | LVDS_25              | TRUE  |          |      |              |          |          |
| p_adc_dp<11>                       | IOB33            | INPUT     | LVDS_25              | TRUE  |          |      |              |          |          |
| p_adc_dp<12>                       | IOB33            | INPUT     | LVDS_25              | TRUE  |          |      |              |          |          |
| p_adc_dp<13>                       | IOB33            | INPUT     | LVDS_25              | TRUE  |          |      |              |          |          |
| p_adc_dp<14>                       | IOB33            | INPUT     | LVDS_25              | TRUE  |          |      |              |          |          |
| p_adc_dp<15>                       | IOB33            | INPUT     | LVDS_25              | TRUE  |          |      |              |          |          |
| p_adc_dp<16>                       | IOB33            | INPUT     | LVDS_25              | TRUE  |          |      |              |          |          |
| p_adc_dp<17>                       | IOB33            | INPUT     | LVDS_25              | TRUE  |          |      |              |          |          |
| p_adc_dp<18>                       | IOB33            | INPUT     | LVDS_25              | TRUE  |          |      |              |          |          |
| p_adc_dp<19>                       | IOB33            | INPUT     | LVDS_25              | TRUE  |          |      |              |          |          |
| p_adc_dp<20>                       | IOB33            | INPUT     | LVDS_25              | TRUE  |          |      |              |          |          |
| p_adc_dp<21>                       | IOB33            | INPUT     | LVDS_25              | TRUE  |          |      |              |          |          |
| p_adc_dp<22>                       | IOB33            | INPUT     | LVDS_25              | TRUE  |          |      |              |          |          |
| p_adc_dp<23>                       | IOB33            | INPUT     | LVDS_25              | TRUE  |          |      |              |          |          |
| p_adc_dp<24>                       | IOB33            | INPUT     | LVDS_25              | TRUE  |          |      |              |          |          |
| p_adc_dp<25>                       | IOB33            | INPUT     | LVDS_25              | TRUE  |          |      |              |          |          |
| p_adc_dp<26>                       | IOB33            | INPUT     | LVDS_25              | TRUE  |          |      |              |          |          |
| p_adc_dp<27>                       | IOB33            | INPUT     | LVDS_25              | TRUE  |          |      |              |          |          |
| p_adc_dp<28>                       | IOB33            | INPUT     | LVDS_25              | TRUE  |          |      |              |          |          |
| p_adc_dp<29>                       | IOB33            | INPUT     | LVDS_25              | TRUE  |          |      |              |          |          |
| p_adc_dp<30>                       | IOB33            | INPUT     | LVDS_25              | TRUE  |          |      |              |          |          |
| p_adc_dp<31>                       | IOB33            | INPUT     | LVDS_25              | TRUE  |          |      |              |          |          |
| p_adc_sck<0>                       | IOB33            | OUTPUT    | LVCMOS25             |       | 12       | SLOW | OFF          |          |          |
| p_adc_sck<1>                       | IOB33            | OUTPUT    | LVCMOS25             |       | 12       | SLOW | OFF          |          |          |
| p_adc_sck<2>                       | IOB33            | OUTPUT    | LVCMOS25             |       | 12       | SLOW | OFF          |          |          |
| p_adc_sck<3>                       | IOB33            | OUTPUT    | LVCMOS25             |       | 12       | SLOW | OFF          |          |          |
| p_adc_sdi<0>                       | IOB33            | OUTPUT    | LVCMOS25             |       | 12       | SLOW | OFF          |          |          |
|                                    |                  |           |                      |       |          |      | TFF          |          |          |
| p_adc_sdi<1>                       | IOB33            | OUTPUT    | LVCMOS25             |       | 12       | SLOW | OFF          |          |          |
|                                    |                  |           |                      |       |          |      | TFF          |          |          |
| p_adc_sdi<2>                       | IOB33            | OUTPUT    | LVCMOS25             |       | 12       | SLOW | OFF          |          |          |
|                                    |                  |           |                      |       |          |      | TFF          |          |          |
| p_adc_sdi<3>                       | IOB33            | OUTPUT    | LVCMOS25             |       | 12       | SLOW | OFF          |          |          |
|                                    |                  |           |                      |       |          |      | TFF          |          |          |
| p_adc_trign                        | IOB33S           | OUTPUT    | LVDS_25              |       |          |      |              |          |          |
| p_adc_trigp                        | IOB33M           | OUTPUT    | LVDS_25              |       |          |      | OFF          |          |          |
| p_cpld_cs                          | IOB33            | OUTPUT    | LVCMOS25             |       | 12       | SLOW | OFF          |          |          |
| p_cpld_sck                         | IOB33            | OUTPUT    | LVCMOS25             |       | 12       | SLOW | OFF          |          |          |
| p_cpld_sdi                         | IOB33            | OUTPUT    | LVCMOS25             |       | 12       | SLOW | OFF          |          |          |
| p_disc<0>                          | IOB33            | INPUT     | LVCMOS25             |       |          |      | IFF          |          |          |
| p_disc<1>                          | IOB33            | INPUT     | LVCMOS25             |       |          |      | IFF          |          |          |
| p_disc<2>                          | IOB33            | INPUT     | LVCMOS25             |       |          |      | IFF          |          |          |
| p_disc<3>                          | IOB33            | INPUT     | LVCMOS25             |       |          |      | IFF          |          |          |
| p_disc<4>                          | IOB33            | INPUT     | LVCMOS25             |       |          |      | IFF          |          |          |
| p_disc<5>                          | IOB33            | INPUT     | LVCMOS25             |       |          |      | IFF          |          |          |
| p_disc<6>                          | IOB33            | INPUT     | LVCMOS25             |       |          |      | IFF          |          |          |
| p_disc<7>                          | IOB33            | INPUT     | LVCMOS25             |       |          |      | IFF          |          |          |
| p_disc<8>                          | IOB33            | INPUT     | LVCMOS25             |       |          |      | IFF          |          |          |
| p_disc<9>                          | IOB33            | INPUT     | LVCMOS25             |       |          |      | IFF          |          |          |
| p_disc<10>                         | IOB33            | INPUT     | LVCMOS25             |       |          |      | IFF          |          |          |
| p_disc<11>                         | IOB33            | INPUT     | LVCMOS25             |       |          |      | IFF          |          |          |
| p_disc<12>                         | IOB33            | INPUT     | LVCMOS25             |       |          |      | IFF          |          |          |
| p_disc<13>                         | IOB33            | INPUT     | LVCMOS25             |       |          |      | IFF          |          |          |
| p_disc<14>                         | IOB33            | INPUT     | LVCMOS25             |       |          |      | IFF          |          |          |
| p_disc<15>                         | IOB33            | INPUT     | LVCMOS25             |       |          |      | IFF          |          |          |
| p_disc<16>                         | IOB33            | INPUT     | LVCMOS25             |       |          |      | IFF          |          |          |
| p_disc<17>                         | IOB33            | INPUT     | LVCMOS25             |       |          |      | IFF          |          |          |
| p_disc<18>                         | IOB33            | INPUT     | LVCMOS25             |       |          |      | IFF          |          |          |
| p_disc<19>                         | IOB33            | INPUT     | LVCMOS25             |       |          |      | IFF          |          |          |
| p_disc<20>                         | IOB33            | INPUT     | LVCMOS25             |       |          |      | IFF          |          |          |
| p_disc<21>                         | IOB33            | INPUT     | LVCMOS25             |       |          |      | IFF          |          |          |
| p_disc<22>                         | IOB33            | INPUT     | LVCMOS25             |       |          |      | IFF          |          |          |
| p_disc<23>                         | IOB33            | INPUT     | LVCMOS25             |       |          |      | IFF          |          |          |
| p_disc<24>                         | IOB33            | INPUT     | LVCMOS25             |       |          |      | IFF          |          |          |
| p_disc<25>                         | IOB33            | INPUT     | LVCMOS25             |       |          |      | IFF          |          |          |
| p_disc<26>                         | IOB33            | INPUT     | LVCMOS25             |       |          |      | IFF          |          |          |
| p_disc<27>                         | IOB33            | INPUT     | LVCMOS25             |       |          |      | IFF          |          |          |
| p_disc<28>                         | IOB33            | INPUT     | LVCMOS25             |       |          |      | IFF          |          |          |
| p_disc<29>                         | IOB33            | INPUT     | LVCMOS25             |       |          |      | IFF          |          |          |
| p_disc<30>                         | IOB33            | INPUT     | LVCMOS25             |       |          |      | IFF          |          |          |
| p_disc<31>                         | IOB33            | INPUT     | LVCMOS25             |       |          |      | IFF          |          |          |
| p_dram_a<0>                        | IOB              | OUTPUT    | SSTL15               |       |          | SLOW | OSERDESE2    |          |          |
| p_dram_a<1>                        | IOB              | OUTPUT    | SSTL15               |       |          | SLOW | OSERDESE2    |          |          |
| p_dram_a<2>                        | IOB              | OUTPUT    | SSTL15               |       |          | SLOW | OSERDESE2    |          |          |
| p_dram_a<3>                        | IOB              | OUTPUT    | SSTL15               |       |          | SLOW | OSERDESE2    |          |          |
| p_dram_a<4>                        | IOB              | OUTPUT    | SSTL15               |       |          | SLOW | OSERDESE2    |          |          |
| p_dram_a<5>                        | IOB              | OUTPUT    | SSTL15               |       |          | SLOW | OSERDESE2    |          |          |
| p_dram_a<6>                        | IOB              | OUTPUT    | SSTL15               |       |          | SLOW | OSERDESE2    |          |          |
| p_dram_a<7>                        | IOB              | OUTPUT    | SSTL15               |       |          | SLOW | OSERDESE2    |          |          |
| p_dram_a<8>                        | IOB              | OUTPUT    | SSTL15               |       |          | SLOW | OSERDESE2    |          |          |
| p_dram_a<9>                        | IOB              | OUTPUT    | SSTL15               |       |          | SLOW | OSERDESE2    |          |          |
| p_dram_a<10>                       | IOB              | OUTPUT    | SSTL15               |       |          | SLOW | OSERDESE2    |          |          |
| p_dram_a<11>                       | IOB              | OUTPUT    | SSTL15               |       |          | SLOW | OSERDESE2    |          |          |
| p_dram_a<12>                       | IOB              | OUTPUT    | SSTL15               |       |          | SLOW | OSERDESE2    |          |          |
| p_dram_a<13>                       | IOB              | OUTPUT    | SSTL15               |       |          | SLOW | OSERDESE2    |          |          |
| p_dram_ba<0>                       | IOB              | OUTPUT    | SSTL15               |       |          | SLOW | OSERDESE2    |          |          |
| p_dram_ba<1>                       | IOB              | OUTPUT    | SSTL15               |       |          | SLOW | OSERDESE2    |          |          |
| p_dram_ba<2>                       | IOB              | OUTPUT    | SSTL15               |       |          | SLOW | OSERDESE2    |          |          |
| p_dram_cas                         | IOB              | OUTPUT    | SSTL15               |       |          | SLOW | OSERDESE2    |          |          |
| p_dram_clke                        | IOB              | OUTPUT    | SSTL15               |       |          | SLOW | OSERDESE2    |          |          |
| p_dram_clkn                        | IOBM             | OUTPUT    | DIFF_SSTL15          |       |          | SLOW | OSERDESE2    |          |          |
| p_dram_clkp                        | IOBS             | OUTPUT    | DIFF_SSTL15          |       |          | SLOW |              |          |          |
| p_dram_cs                          | IOB              | OUTPUT    | SSTL15               |       |          | SLOW | OSERDESE2    |          |          |
| p_dram_d<0>                        | IOB              | BIDIR     | SSTL15               |       |          | SLOW | OSERDESE2    |          |          |
| p_dram_d<1>                        | IOB              | BIDIR     | SSTL15               |       |          | SLOW | OSERDESE2    |          |          |
| p_dram_d<2>                        | IOB              | BIDIR     | SSTL15               |       |          | SLOW | OSERDESE2    |          |          |
| p_dram_d<3>                        | IOB              | BIDIR     | SSTL15               |       |          | SLOW | OSERDESE2    |          |          |
| p_dram_d<4>                        | IOB              | BIDIR     | SSTL15               |       |          | SLOW | OSERDESE2    |          |          |
| p_dram_d<5>                        | IOB              | BIDIR     | SSTL15               |       |          | SLOW | OSERDESE2    |          |          |
| p_dram_d<6>                        | IOB              | BIDIR     | SSTL15               |       |          | SLOW | OSERDESE2    |          |          |
| p_dram_d<7>                        | IOB              | BIDIR     | SSTL15               |       |          | SLOW | OSERDESE2    |          |          |
| p_dram_d<8>                        | IOB              | BIDIR     | SSTL15               |       |          | SLOW | OSERDESE2    |          |          |
| p_dram_d<9>                        | IOB              | BIDIR     | SSTL15               |       |          | SLOW | OSERDESE2    |          |          |
| p_dram_d<10>                       | IOB              | BIDIR     | SSTL15               |       |          | SLOW | OSERDESE2    |          |          |
| p_dram_d<11>                       | IOB              | BIDIR     | SSTL15               |       |          | SLOW | OSERDESE2    |          |          |
| p_dram_d<12>                       | IOB              | BIDIR     | SSTL15               |       |          | SLOW | OSERDESE2    |          |          |
| p_dram_d<13>                       | IOB              | BIDIR     | SSTL15               |       |          | SLOW | OSERDESE2    |          |          |
| p_dram_d<14>                       | IOB              | BIDIR     | SSTL15               |       |          | SLOW | OSERDESE2    |          |          |
| p_dram_d<15>                       | IOB              | BIDIR     | SSTL15               |       |          | SLOW | OSERDESE2    |          |          |
| p_dram_dsn<0>                      | IOBM             | OUTPUT    | DIFF_SSTL15          |       |          | SLOW | OSERDESE2    |          |          |
| p_dram_dsn<1>                      | IOBM             | OUTPUT    | DIFF_SSTL15          |       |          | SLOW | OSERDESE2    |          |          |
| p_dram_dsp<0>                      | IOBS             | OUTPUT    | DIFF_SSTL15          |       |          | SLOW |              |          |          |
| p_dram_dsp<1>                      | IOBS             | OUTPUT    | DIFF_SSTL15          |       |          | SLOW |              |          |          |
| p_dram_odt                         | IOB              | OUTPUT    | SSTL15               |       |          | SLOW |              |          |          |
| p_dram_ras                         | IOB              | OUTPUT    | SSTL15               |       |          | SLOW | OSERDESE2    |          |          |
| p_dram_reset                       | IOB              | OUTPUT    | LVCMOS15             |       | 12       | SLOW | OFF          |          |          |
| p_dram_we                          | IOB              | OUTPUT    | SSTL15               |       |          | SLOW | OSERDESE2    |          |          |
| p_drs_a<0><0>                      | IOB33            | OUTPUT    | LVCMOS25             |       | 12       | FAST | OFF          |          |          |
| p_drs_a<0><1>                      | IOB33            | OUTPUT    | LVCMOS25             |       | 12       | FAST | OFF          |          |          |
| p_drs_a<0><2>                      | IOB33            | OUTPUT    | LVCMOS25             |       | 12       | FAST | OFF          |          |          |
| p_drs_a<1><0>                      | IOB33            | OUTPUT    | LVCMOS25             |       | 12       | FAST | OFF          |          |          |
| p_drs_a<1><1>                      | IOB33            | OUTPUT    | LVCMOS25             |       | 12       | FAST | OFF          |          |          |
| p_drs_a<1><2>                      | IOB33            | OUTPUT    | LVCMOS25             |       | 12       | FAST | OFF          |          |          |
| p_drs_a<2><0>                      | IOB33            | OUTPUT    | LVCMOS25             |       | 12       | FAST | OFF          |          |          |
| p_drs_a<2><1>                      | IOB33            | OUTPUT    | LVCMOS25             |       | 12       | FAST | OFF          |          |          |
| p_drs_a<2><2>                      | IOB33            | OUTPUT    | LVCMOS25             |       | 12       | FAST | OFF          |          |          |
| p_drs_a<3><0>                      | IOB33            | OUTPUT    | LVCMOS25             |       | 12       | FAST | OFF          |          |          |
| p_drs_a<3><1>                      | IOB33            | OUTPUT    | LVCMOS25             |       | 12       | FAST | OFF          |          |          |
| p_drs_a<3><2>                      | IOB33            | OUTPUT    | LVCMOS25             |       | 12       | FAST | OFF          |          |          |
| p_drs_clkn<0>                      | IOB33S           | OUTPUT    | LVDS_25              |       |          |      |              |          |          |
| p_drs_clkn<1>                      | IOB33S           | OUTPUT    | LVDS_25              |       |          |      |              |          |          |
| p_drs_clkn<2>                      | IOB33S           | OUTPUT    | LVDS_25              |       |          |      |              |          |          |
| p_drs_clkn<3>                      | IOB33S           | OUTPUT    | LVDS_25              |       |          |      |              |          |          |
| p_drs_clkp<0>                      | IOB33M           | OUTPUT    | LVDS_25              |       |          |      |              |          |          |
| p_drs_clkp<1>                      | IOB33M           | OUTPUT    | LVDS_25              |       |          |      |              |          |          |
| p_drs_clkp<2>                      | IOB33M           | OUTPUT    | LVDS_25              |       |          |      |              |          |          |
| p_drs_clkp<3>                      | IOB33M           | OUTPUT    | LVDS_25              |       |          |      |              |          |          |
| p_drs_dwrite<0>                    | IOB33            | OUTPUT    | LVCMOS25             |       | 12       | FAST |              |          |          |
| p_drs_dwrite<1>                    | IOB33            | OUTPUT    | LVCMOS25             |       | 12       | FAST |              |          |          |
| p_drs_dwrite<2>                    | IOB33            | OUTPUT    | LVCMOS25             |       | 12       | FAST |              |          |          |
| p_drs_dwrite<3>                    | IOB33            | OUTPUT    | LVCMOS25             |       | 12       | FAST |              |          |          |
| p_drs_enable<0>                    | IOB33            | OUTPUT    | LVCMOS25             |       | 12       | FAST | OFF          |          |          |
| p_drs_enable<1>                    | IOB33            | OUTPUT    | LVCMOS25             |       | 12       | FAST | OFF          |          |          |
| p_drs_enable<2>                    | IOB33            | OUTPUT    | LVCMOS25             |       | 12       | FAST | OFF          |          |          |
| p_drs_enable<3>                    | IOB33            | OUTPUT    | LVCMOS25             |       | 12       | FAST | OFF          |          |          |
| p_drs_pll_lock<0>                  | IOB33            | INPUT     | LVCMOS25             |       |          |      | IFF          |          |          |
| p_drs_pll_lock<1>                  | IOB33            | INPUT     | LVCMOS25             |       |          |      | IFF          |          |          |
| p_drs_pll_lock<2>                  | IOB33            | INPUT     | LVCMOS25             |       |          |      | IFF          |          |          |
| p_drs_pll_lock<3>                  | IOB33            | INPUT     | LVCMOS25             |       |          |      | IFF          |          |          |
| p_drs_rsrload<0>                   | IOB33            | OUTPUT    | LVCMOS25             |       | 12       | FAST | OFF          |          |          |
| p_drs_rsrload<1>                   | IOB33            | OUTPUT    | LVCMOS25             |       | 12       | FAST | OFF          |          |          |
| p_drs_rsrload<2>                   | IOB33            | OUTPUT    | LVCMOS25             |       | 12       | FAST | OFF          |          |          |
| p_drs_rsrload<3>                   | IOB33            | OUTPUT    | LVCMOS25             |       | 12       | FAST | OFF          |          |          |
| p_drs_srclk<0>                     | IOB33            | OUTPUT    | LVCMOS25             |       | 12       | FAST | OFF          |          |          |
| p_drs_srclk<1>                     | IOB33            | OUTPUT    | LVCMOS25             |       | 12       | FAST | OFF          |          |          |
| p_drs_srclk<2>                     | IOB33            | OUTPUT    | LVCMOS25             |       | 12       | FAST | OFF          |          |          |
| p_drs_srclk<3>                     | IOB33            | OUTPUT    | LVCMOS25             |       | 12       | FAST | OFF          |          |          |
| p_drs_srin<0>                      | IOB33            | OUTPUT    | LVCMOS25             |       | 12       | FAST | OFF          |          |          |
| p_drs_srin<1>                      | IOB33            | OUTPUT    | LVCMOS25             |       | 12       | FAST | OFF          |          |          |
| p_drs_srin<2>                      | IOB33            | OUTPUT    | LVCMOS25             |       | 12       | FAST | OFF          |          |          |
| p_drs_srin<3>                      | IOB33            | OUTPUT    | LVCMOS25             |       | 12       | FAST | OFF          |          |          |
| p_drs_srout                        | IOB33            | INPUT     | LVCMOS25             |       |          |      | IFF          |          |          |
| p_mid_sck                          | IOB              | INPUT     | LVCMOS18             |       |          |      | IFF          |          |          |
| p_mid_sdi                          | IOB              | INPUT     | LVCMOS18             |       |          |      | IFF          |          |          |
| p_mid_sel                          | IOB33            | INPUT     | LVCMOS25             |       |          |      | IFF          |          |          |
| p_tcb_clkn                         | IPAD             | INPUT     |                      |       |          |      |              |          |          |
| p_tcb_clkp                         | IPAD             | INPUT     |                      |       |          |      |              |          |          |
| p_tcb_timern                       | IOB33            | INPUT     | LVDS_25              | TRUE  |          |      | IDDR         |          |          |
| p_tcb_timerp                       | IOB33            | INPUT     | LVDS_25              | TRUE  |          |      |              |          |          |
| p_tcb_trign                        | IOB33            | INPUT     | LVDS_25              | TRUE  |          |      |              |          |          |
| p_tcb_trigp                        | IOB33            | INPUT     | LVDS_25              | TRUE  |          |      | IDDR         |          |          |
| p_temp_scl                         | IOB33            | OUTPUT    | LVCMOS25             |       | 12       | SLOW | OFF          |          |          |
| p_temp_sda                         | IOB33            | BIDIR     | LVCMOS25             |       | 12       | SLOW | IFF          |          |          |
|                                    |                  |           |                      |       |          |      | TFF          |          |          |
| p_usb_a<0>                         | IOB              | OUTPUT    | LVCMOS18             |       | 12       | FAST | OFF          |          |          |
| p_usb_a<1>                         | IOB              | OUTPUT    | LVCMOS18             |       | 12       | FAST | OFF          |          |          |
| p_usb_cs                           | IOB              | OUTPUT    | LVCMOS18             |       | 12       | FAST |              |          |          |
| p_usb_d<0>                         | IOB              | BIDIR     | LVCMOS18             |       | 12       | FAST | IFF          |          |          |
|                                    |                  |           |                      |       |          |      | OFF          |          |          |
|                                    |                  |           |                      |       |          |      | TFF          |          |          |
| p_usb_d<1>                         | IOB              | BIDIR     | LVCMOS18             |       | 12       | FAST | IFF          |          |          |
|                                    |                  |           |                      |       |          |      | OFF          |          |          |
|                                    |                  |           |                      |       |          |      | TFF          |          |          |
| p_usb_d<2>                         | IOB              | BIDIR     | LVCMOS18             |       | 12       | FAST | IFF          |          |          |
|                                    |                  |           |                      |       |          |      | OFF          |          |          |
|                                    |                  |           |                      |       |          |      | TFF          |          |          |
| p_usb_d<3>                         | IOB              | BIDIR     | LVCMOS18             |       | 12       | FAST | IFF          |          |          |
|                                    |                  |           |                      |       |          |      | OFF          |          |          |
|                                    |                  |           |                      |       |          |      | TFF          |          |          |
| p_usb_d<4>                         | IOB              | BIDIR     | LVCMOS18             |       | 12       | FAST | IFF          |          |          |
|                                    |                  |           |                      |       |          |      | OFF          |          |          |
|                                    |                  |           |                      |       |          |      | TFF          |          |          |
| p_usb_d<5>                         | IOB              | BIDIR     | LVCMOS18             |       | 12       | FAST | IFF          |          |          |
|                                    |                  |           |                      |       |          |      | OFF          |          |          |
|                                    |                  |           |                      |       |          |      | TFF          |          |          |
| p_usb_d<6>                         | IOB              | BIDIR     | LVCMOS18             |       | 12       | FAST | IFF          |          |          |
|                                    |                  |           |                      |       |          |      | OFF          |          |          |
|                                    |                  |           |                      |       |          |      | TFF          |          |          |
| p_usb_d<7>                         | IOB              | BIDIR     | LVCMOS18             |       | 12       | FAST | IFF          |          |          |
|                                    |                  |           |                      |       |          |      | OFF          |          |          |
|                                    |                  |           |                      |       |          |      | TFF          |          |          |
| p_usb_d<8>                         | IOB              | BIDIR     | LVCMOS18             |       | 12       | FAST | IFF          |          |          |
|                                    |                  |           |                      |       |          |      | OFF          |          |          |
|                                    |                  |           |                      |       |          |      | TFF          |          |          |
| p_usb_d<9>                         | IOB              | BIDIR     | LVCMOS18             |       | 12       | FAST | IFF          |          |          |
|                                    |                  |           |                      |       |          |      | OFF          |          |          |
|                                    |                  |           |                      |       |          |      | TFF          |          |          |
| p_usb_d<10>                        | IOB              | BIDIR     | LVCMOS18             |       | 12       | FAST | IFF          |          |          |
|                                    |                  |           |                      |       |          |      | OFF          |          |          |
|                                    |                  |           |                      |       |          |      | TFF          |          |          |
| p_usb_d<11>                        | IOB              | BIDIR     | LVCMOS18             |       | 12       | FAST | IFF          |          |          |
|                                    |                  |           |                      |       |          |      | OFF          |          |          |
|                                    |                  |           |                      |       |          |      | TFF          |          |          |
| p_usb_d<12>                        | IOB              | BIDIR     | LVCMOS18             |       | 12       | FAST | IFF          |          |          |
|                                    |                  |           |                      |       |          |      | OFF          |          |          |
|                                    |                  |           |                      |       |          |      | TFF          |          |          |
| p_usb_d<13>                        | IOB              | BIDIR     | LVCMOS18             |       | 12       | FAST | IFF          |          |          |
|                                    |                  |           |                      |       |          |      | OFF          |          |          |
|                                    |                  |           |                      |       |          |      | TFF          |          |          |
| p_usb_d<14>                        | IOB              | BIDIR     | LVCMOS18             |       | 12       | FAST | IFF          |          |          |
|                                    |                  |           |                      |       |          |      | OFF          |          |          |
|                                    |                  |           |                      |       |          |      | TFF          |          |          |
| p_usb_d<15>                        | IOB              | BIDIR     | LVCMOS18             |       | 12       | FAST | IFF          |          |          |
|                                    |                  |           |                      |       |          |      | OFF          |          |          |
|                                    |                  |           |                      |       |          |      | TFF          |          |          |
| p_usb_d<16>                        | IOB              | BIDIR     | LVCMOS18             |       | 12       | FAST | IFF          |          |          |
|                                    |                  |           |                      |       |          |      | OFF          |          |          |
|                                    |                  |           |                      |       |          |      | TFF          |          |          |
| p_usb_d<17>                        | IOB              | BIDIR     | LVCMOS18             |       | 12       | FAST | IFF          |          |          |
|                                    |                  |           |                      |       |          |      | OFF          |          |          |
|                                    |                  |           |                      |       |          |      | TFF          |          |          |
| p_usb_d<18>                        | IOB              | BIDIR     | LVCMOS18             |       | 12       | FAST | IFF          |          |          |
|                                    |                  |           |                      |       |          |      | OFF          |          |          |
|                                    |                  |           |                      |       |          |      | TFF          |          |          |
| p_usb_d<19>                        | IOB              | BIDIR     | LVCMOS18             |       | 12       | FAST | IFF          |          |          |
|                                    |                  |           |                      |       |          |      | OFF          |          |          |
|                                    |                  |           |                      |       |          |      | TFF          |          |          |
| p_usb_d<20>                        | IOB              | BIDIR     | LVCMOS18             |       | 12       | FAST | IFF          |          |          |
|                                    |                  |           |                      |       |          |      | OFF          |          |          |
|                                    |                  |           |                      |       |          |      | TFF          |          |          |
| p_usb_d<21>                        | IOB              | BIDIR     | LVCMOS18             |       | 12       | FAST | IFF          |          |          |
|                                    |                  |           |                      |       |          |      | OFF          |          |          |
|                                    |                  |           |                      |       |          |      | TFF          |          |          |
| p_usb_d<22>                        | IOB              | BIDIR     | LVCMOS18             |       | 12       | FAST | IFF          |          |          |
|                                    |                  |           |                      |       |          |      | OFF          |          |          |
|                                    |                  |           |                      |       |          |      | TFF          |          |          |
| p_usb_d<23>                        | IOB              | BIDIR     | LVCMOS18             |       | 12       | FAST | IFF          |          |          |
|                                    |                  |           |                      |       |          |      | OFF          |          |          |
|                                    |                  |           |                      |       |          |      | TFF          |          |          |
| p_usb_d<24>                        | IOB              | BIDIR     | LVCMOS18             |       | 12       | FAST | IFF          |          |          |
|                                    |                  |           |                      |       |          |      | OFF          |          |          |
|                                    |                  |           |                      |       |          |      | TFF          |          |          |
| p_usb_d<25>                        | IOB              | BIDIR     | LVCMOS18             |       | 12       | FAST | IFF          |          |          |
|                                    |                  |           |                      |       |          |      | OFF          |          |          |
|                                    |                  |           |                      |       |          |      | TFF          |          |          |
| p_usb_d<26>                        | IOB              | BIDIR     | LVCMOS18             |       | 12       | FAST | IFF          |          |          |
|                                    |                  |           |                      |       |          |      | OFF          |          |          |
|                                    |                  |           |                      |       |          |      | TFF          |          |          |
| p_usb_d<27>                        | IOB              | BIDIR     | LVCMOS18             |       | 12       | FAST | IFF          |          |          |
|                                    |                  |           |                      |       |          |      | OFF          |          |          |
|                                    |                  |           |                      |       |          |      | TFF          |          |          |
| p_usb_d<28>                        | IOB              | BIDIR     | LVCMOS18             |       | 12       | FAST | IFF          |          |          |
|                                    |                  |           |                      |       |          |      | OFF          |          |          |
|                                    |                  |           |                      |       |          |      | TFF          |          |          |
| p_usb_d<29>                        | IOB              | BIDIR     | LVCMOS18             |       | 12       | FAST | IFF          |          |          |
|                                    |                  |           |                      |       |          |      | OFF          |          |          |
|                                    |                  |           |                      |       |          |      | TFF          |          |          |
| p_usb_d<30>                        | IOB              | BIDIR     | LVCMOS18             |       | 12       | FAST | IFF          |          |          |
|                                    |                  |           |                      |       |          |      | OFF          |          |          |
|                                    |                  |           |                      |       |          |      | TFF          |          |          |
| p_usb_d<31>                        | IOB              | BIDIR     | LVCMOS18             |       | 12       | FAST | IFF          |          |          |
|                                    |                  |           |                      |       |          |      | OFF          |          |          |
|                                    |                  |           |                      |       |          |      | TFF          |          |          |
| p_usb_oe                           | IOB              | OUTPUT    | LVCMOS18             |       | 12       | FAST | OFF          |          |          |
| p_usb_on                           | IOB              | INPUT     | LVCMOS18             |       |          |      | IFF          |          |          |
| p_usb_pclk                         | IOB              | OUTPUT    | LVCMOS18             |       | 12       | FAST | ODDR         |          |          |
| p_usb_pktend                       | IOB              | OUTPUT    | LVCMOS18             |       | 12       | FAST | OFF          |          |          |
| p_usb_rd                           | IOB              | OUTPUT    | LVCMOS18             |       | 12       | FAST | OFF          |          |          |
| p_usb_rflag<0>                     | IOB              | INPUT     | LVCMOS18             |       |          |      | IFF          |          |          |
| p_usb_rflag<1>                     | IOB              | INPUT     | LVCMOS18             |       |          |      | IFF          |          |          |
| p_usb_wflag                        | IOB              | INPUT     | LVCMOS18             |       |          |      | IFF          |          |          |
| p_usb_wr                           | IOB              | OUTPUT    | LVCMOS18             |       | 12       | FAST | OFF          |          |          |
+---------------------------------------------------------------------------------------------------------------------------------------------------------+

Section 7 - RPMs
----------------

Section 8 - Guide Report
------------------------
Guide not run on this design.

Section 9 - Area Group and Partition Summary
--------------------------------------------

Partition Implementation Status
-------------------------------

  No Partitions were found in this design.

-------------------------------

Area Group Information
----------------------

  No area groups were found in this design.

----------------------

Section 10 - Timing Report
--------------------------
A logic-level (pre-route) timing report can be generated by using Xilinx static
timing analysis tools, Timing Analyzer (GUI) or TRCE (command line), with the
mapped NCD and PCF files. Please note that this timing report will be generated
using estimated delay information. For accurate numbers, please generate a
timing report with the post Place and Route NCD file.

For more information about the Timing Analyzer, consult the Xilinx Timing
Analyzer Reference Manual; for more information about TRCE, consult the Xilinx
Command Line Tools User Guide "TRACE" chapter.

Section 11 - Configuration String Details
-----------------------------------------
Use the "-detail" map option to print out Configuration Strings

Section 12 - Control Set Information
------------------------------------
Use the "-detail" map option to print out Control Set Information.

Section 13 - Utilization by Hierarchy
-------------------------------------
Use the "-detail" map option to print out the Utilization by Hierarchy section.
